{"C:\\Users\\fullm\\Desktop\\Proyecto ACA\\Patient-Appointment-System\\src\\components\\ui\\alert-dialog.jsx": {"path":"C:\\Users\\fullm\\Desktop\\Proyecto ACA\\Patient-Appointment-System\\src\\components\\ui\\alert-dialog.jsx","statementMap":{"0":{"start":{"line":7,"column":20},"end":{"line":7,"column":45}},"1":{"start":{"line":9,"column":27},"end":{"line":9,"column":55}},"2":{"start":{"line":11,"column":26},"end":{"line":11,"column":53}},"3":{"start":{"line":13,"column":27},"end":{"line":21,"column":2}},"4":{"start":{"line":14,"column":2},"end":{"line":20,"column":16}},"5":{"start":{"line":22,"column":0},"end":{"line":22,"column":73}},"6":{"start":{"line":24,"column":27},"end":{"line":35,"column":2}},"7":{"start":{"line":25,"column":2},"end":{"line":34,"column":22}},"8":{"start":{"line":36,"column":0},"end":{"line":36,"column":73}},"9":{"start":{"line":38,"column":26},"end":{"line":45,"column":1}},"10":{"start":{"line":42,"column":2},"end":{"line":44,"column":17}},"11":{"start":{"line":46,"column":0},"end":{"line":46,"column":51}},"12":{"start":{"line":48,"column":26},"end":{"line":55,"column":1}},"13":{"start":{"line":52,"column":2},"end":{"line":54,"column":17}},"14":{"start":{"line":56,"column":0},"end":{"line":56,"column":51}},"15":{"start":{"line":58,"column":25},"end":{"line":60,"column":2}},"16":{"start":{"line":59,"column":2},"end":{"line":59,"column":104}},"17":{"start":{"line":61,"column":0},"end":{"line":61,"column":69}},"18":{"start":{"line":63,"column":31},"end":{"line":68,"column":2}},"19":{"start":{"line":64,"column":2},"end":{"line":67,"column":17}},"20":{"start":{"line":69,"column":0},"end":{"line":70,"column":46}},"21":{"start":{"line":72,"column":26},"end":{"line":74,"column":2}},"22":{"start":{"line":73,"column":2},"end":{"line":73,"column":98}},"23":{"start":{"line":75,"column":0},"end":{"line":75,"column":71}},"24":{"start":{"line":77,"column":26},"end":{"line":82,"column":2}},"25":{"start":{"line":78,"column":2},"end":{"line":81,"column":17}},"26":{"start":{"line":83,"column":0},"end":{"line":83,"column":71}}},"fnMap":{"0":{"name":"(anonymous_0)","decl":{"start":{"line":13,"column":44},"end":{"line":13,"column":45}},"loc":{"start":{"line":14,"column":2},"end":{"line":20,"column":16}},"line":14},"1":{"name":"(anonymous_1)","decl":{"start":{"line":24,"column":44},"end":{"line":24,"column":45}},"loc":{"start":{"line":25,"column":2},"end":{"line":34,"column":22}},"line":25},"2":{"name":"(anonymous_2)","decl":{"start":{"line":38,"column":26},"end":{"line":38,"column":27}},"loc":{"start":{"line":42,"column":2},"end":{"line":44,"column":17}},"line":42},"3":{"name":"(anonymous_3)","decl":{"start":{"line":48,"column":26},"end":{"line":48,"column":27}},"loc":{"start":{"line":52,"column":2},"end":{"line":54,"column":17}},"line":52},"4":{"name":"(anonymous_4)","decl":{"start":{"line":58,"column":42},"end":{"line":58,"column":43}},"loc":{"start":{"line":59,"column":2},"end":{"line":59,"column":104}},"line":59},"5":{"name":"(anonymous_5)","decl":{"start":{"line":63,"column":48},"end":{"line":63,"column":49}},"loc":{"start":{"line":64,"column":2},"end":{"line":67,"column":17}},"line":64},"6":{"name":"(anonymous_6)","decl":{"start":{"line":72,"column":43},"end":{"line":72,"column":44}},"loc":{"start":{"line":73,"column":2},"end":{"line":73,"column":98}},"line":73},"7":{"name":"(anonymous_7)","decl":{"start":{"line":77,"column":43},"end":{"line":77,"column":44}},"loc":{"start":{"line":78,"column":2},"end":{"line":81,"column":17}},"line":78}},"branchMap":{},"s":{"0":1,"1":1,"2":1,"3":1,"4":0,"5":1,"6":1,"7":20,"8":1,"9":1,"10":0,"11":1,"12":1,"13":0,"14":1,"15":1,"16":0,"17":1,"18":1,"19":0,"20":1,"21":1,"22":0,"23":1,"24":1,"25":0,"26":1},"f":{"0":0,"1":20,"2":0,"3":0,"4":0,"5":0,"6":0,"7":0},"b":{},"_coverageSchema":"1a1c01bbd47fc00a2c39e90264f33305004495a9","hash":"657eb8e8184ab5190e43f2287c7678ddb46ad030"}
,"C:\\Users\\fullm\\Desktop\\Proyecto ACA\\Patient-Appointment-System\\src\\components\\ui\\dropdown-menu.jsx": {"path":"C:\\Users\\fullm\\Desktop\\Proyecto ACA\\Patient-Appointment-System\\src\\components\\ui\\dropdown-menu.jsx","statementMap":{"0":{"start":{"line":7,"column":21},"end":{"line":7,"column":47}},"1":{"start":{"line":9,"column":28},"end":{"line":9,"column":57}},"2":{"start":{"line":11,"column":26},"end":{"line":11,"column":53}},"3":{"start":{"line":13,"column":27},"end":{"line":13,"column":55}},"4":{"start":{"line":15,"column":24},"end":{"line":15,"column":49}},"5":{"start":{"line":17,"column":31},"end":{"line":17,"column":63}},"6":{"start":{"line":19,"column":31},"end":{"line":31,"column":2}},"7":{"start":{"line":20,"column":2},"end":{"line":30,"column":37}},"8":{"start":{"line":32,"column":0},"end":{"line":33,"column":46}},"9":{"start":{"line":35,"column":31},"end":{"line":43,"column":2}},"10":{"start":{"line":36,"column":2},"end":{"line":42,"column":17}},"11":{"start":{"line":44,"column":0},"end":{"line":45,"column":46}},"12":{"start":{"line":47,"column":28},"end":{"line":58,"column":2}},"13":{"start":{"line":48,"column":2},"end":{"line":57,"column":33}},"14":{"start":{"line":59,"column":0},"end":{"line":59,"column":75}},"15":{"start":{"line":61,"column":25},"end":{"line":70,"column":2}},"16":{"start":{"line":62,"column":2},"end":{"line":69,"column":17}},"17":{"start":{"line":71,"column":0},"end":{"line":71,"column":69}},"18":{"start":{"line":73,"column":33},"end":{"line":89,"column":2}},"19":{"start":{"line":74,"column":2},"end":{"line":88,"column":39}},"20":{"start":{"line":90,"column":0},"end":{"line":91,"column":48}},"21":{"start":{"line":93,"column":30},"end":{"line":108,"column":2}},"22":{"start":{"line":94,"column":2},"end":{"line":107,"column":36}},"23":{"start":{"line":109,"column":0},"end":{"line":109,"column":79}},"24":{"start":{"line":111,"column":26},"end":{"line":116,"column":2}},"25":{"start":{"line":112,"column":2},"end":{"line":115,"column":17}},"26":{"start":{"line":117,"column":0},"end":{"line":117,"column":71}},"27":{"start":{"line":119,"column":30},"end":{"line":124,"column":2}},"28":{"start":{"line":120,"column":2},"end":{"line":123,"column":17}},"29":{"start":{"line":125,"column":0},"end":{"line":125,"column":79}},"30":{"start":{"line":127,"column":29},"end":{"line":136,"column":1}},"31":{"start":{"line":131,"column":2},"end":{"line":135,"column":4}},"32":{"start":{"line":137,"column":0},"end":{"line":137,"column":57}}},"fnMap":{"0":{"name":"(anonymous_0)","decl":{"start":{"line":19,"column":48},"end":{"line":19,"column":49}},"loc":{"start":{"line":20,"column":2},"end":{"line":30,"column":37}},"line":20},"1":{"name":"(anonymous_1)","decl":{"start":{"line":35,"column":48},"end":{"line":35,"column":49}},"loc":{"start":{"line":36,"column":2},"end":{"line":42,"column":17}},"line":36},"2":{"name":"(anonymous_2)","decl":{"start":{"line":47,"column":45},"end":{"line":47,"column":46}},"loc":{"start":{"line":48,"column":2},"end":{"line":57,"column":33}},"line":48},"3":{"name":"(anonymous_3)","decl":{"start":{"line":61,"column":42},"end":{"line":61,"column":43}},"loc":{"start":{"line":62,"column":2},"end":{"line":69,"column":17}},"line":62},"4":{"name":"(anonymous_4)","decl":{"start":{"line":73,"column":50},"end":{"line":73,"column":51}},"loc":{"start":{"line":74,"column":2},"end":{"line":88,"column":39}},"line":74},"5":{"name":"(anonymous_5)","decl":{"start":{"line":93,"column":47},"end":{"line":93,"column":48}},"loc":{"start":{"line":94,"column":2},"end":{"line":107,"column":36}},"line":94},"6":{"name":"(anonymous_6)","decl":{"start":{"line":111,"column":43},"end":{"line":111,"column":44}},"loc":{"start":{"line":112,"column":2},"end":{"line":115,"column":17}},"line":112},"7":{"name":"(anonymous_7)","decl":{"start":{"line":119,"column":47},"end":{"line":119,"column":48}},"loc":{"start":{"line":120,"column":2},"end":{"line":123,"column":17}},"line":120},"8":{"name":"(anonymous_8)","decl":{"start":{"line":127,"column":29},"end":{"line":127,"column":30}},"loc":{"start":{"line":130,"column":6},"end":{"line":136,"column":1}},"line":130}},"branchMap":{"0":{"loc":{"start":{"line":24,"column":6},"end":{"line":24,"column":21}},"type":"binary-expr","locations":[{"start":{"line":24,"column":6},"end":{"line":24,"column":11}},{"start":{"line":24,"column":15},"end":{"line":24,"column":21}}],"line":24},"1":{"loc":{"start":{"line":47,"column":59},"end":{"line":47,"column":73}},"type":"default-arg","locations":[{"start":{"line":47,"column":72},"end":{"line":47,"column":73}}],"line":47},"2":{"loc":{"start":{"line":66,"column":6},"end":{"line":66,"column":21}},"type":"binary-expr","locations":[{"start":{"line":66,"column":6},"end":{"line":66,"column":11}},{"start":{"line":66,"column":15},"end":{"line":66,"column":21}}],"line":66},"3":{"loc":{"start":{"line":114,"column":55},"end":{"line":114,"column":70}},"type":"binary-expr","locations":[{"start":{"line":114,"column":55},"end":{"line":114,"column":60}},{"start":{"line":114,"column":64},"end":{"line":114,"column":70}}],"line":114}},"s":{"0":1,"1":1,"2":1,"3":1,"4":1,"5":1,"6":1,"7":0,"8":1,"9":1,"10":0,"11":1,"12":1,"13":9,"14":1,"15":1,"16":0,"17":1,"18":1,"19":0,"20":1,"21":1,"22":0,"23":1,"24":1,"25":0,"26":1,"27":1,"28":0,"29":1,"30":1,"31":0,"32":1},"f":{"0":0,"1":0,"2":9,"3":0,"4":0,"5":0,"6":0,"7":0,"8":0},"b":{"0":[0,0],"1":[9],"2":[0,0],"3":[0,0]},"_coverageSchema":"1a1c01bbd47fc00a2c39e90264f33305004495a9","hash":"b0b8f3e3ad6b2162dd475567d8a60feb704c2d4d"}
,"C:\\Users\\fullm\\Desktop\\Proyecto ACA\\Patient-Appointment-System\\src\\components\\ui\\input.jsx": {"path":"C:\\Users\\fullm\\Desktop\\Proyecto ACA\\Patient-Appointment-System\\src\\components\\ui\\input.jsx","statementMap":{"0":{"start":{"line":5,"column":14},"end":{"line":16,"column":2}},"1":{"start":{"line":6,"column":2},"end":{"line":15,"column":4}},"2":{"start":{"line":17,"column":0},"end":{"line":17,"column":27}}},"fnMap":{"0":{"name":"(anonymous_0)","decl":{"start":{"line":5,"column":31},"end":{"line":5,"column":32}},"loc":{"start":{"line":5,"column":71},"end":{"line":16,"column":1}},"line":5}},"branchMap":{},"s":{"0":1,"1":9,"2":1},"f":{"0":9},"b":{},"_coverageSchema":"1a1c01bbd47fc00a2c39e90264f33305004495a9","hash":"d5ec928ad6eb6c0fec7ab3115a394887002c562b"}
,"C:\\Users\\fullm\\Desktop\\Proyecto ACA\\Patient-Appointment-System\\src\\components\\ui\\select.jsx": {"path":"C:\\Users\\fullm\\Desktop\\Proyecto ACA\\Patient-Appointment-System\\src\\components\\ui\\select.jsx","statementMap":{"0":{"start":{"line":7,"column":15},"end":{"line":7,"column":35}},"1":{"start":{"line":9,"column":20},"end":{"line":9,"column":41}},"2":{"start":{"line":11,"column":20},"end":{"line":11,"column":41}},"3":{"start":{"line":13,"column":22},"end":{"line":26,"column":2}},"4":{"start":{"line":14,"column":2},"end":{"line":25,"column":28}},"5":{"start":{"line":27,"column":0},"end":{"line":27,"column":63}},"6":{"start":{"line":29,"column":29},"end":{"line":36,"column":2}},"7":{"start":{"line":30,"column":2},"end":{"line":35,"column":35}},"8":{"start":{"line":37,"column":0},"end":{"line":37,"column":77}},"9":{"start":{"line":39,"column":31},"end":{"line":46,"column":2}},"10":{"start":{"line":40,"column":2},"end":{"line":45,"column":37}},"11":{"start":{"line":47,"column":0},"end":{"line":48,"column":46}},"12":{"start":{"line":50,"column":22},"end":{"line":71,"column":2}},"13":{"start":{"line":51,"column":2},"end":{"line":70,"column":27}},"14":{"start":{"line":72,"column":0},"end":{"line":72,"column":63}},"15":{"start":{"line":74,"column":20},"end":{"line":79,"column":2}},"16":{"start":{"line":75,"column":2},"end":{"line":78,"column":17}},"17":{"start":{"line":80,"column":0},"end":{"line":80,"column":59}},"18":{"start":{"line":82,"column":19},"end":{"line":98,"column":2}},"19":{"start":{"line":83,"column":2},"end":{"line":97,"column":25}},"20":{"start":{"line":99,"column":0},"end":{"line":99,"column":57}},"21":{"start":{"line":101,"column":24},"end":{"line":106,"column":2}},"22":{"start":{"line":102,"column":2},"end":{"line":105,"column":17}},"23":{"start":{"line":107,"column":0},"end":{"line":107,"column":67}}},"fnMap":{"0":{"name":"(anonymous_0)","decl":{"start":{"line":13,"column":39},"end":{"line":13,"column":40}},"loc":{"start":{"line":14,"column":2},"end":{"line":25,"column":28}},"line":14},"1":{"name":"(anonymous_1)","decl":{"start":{"line":29,"column":46},"end":{"line":29,"column":47}},"loc":{"start":{"line":30,"column":2},"end":{"line":35,"column":35}},"line":30},"2":{"name":"(anonymous_2)","decl":{"start":{"line":39,"column":48},"end":{"line":39,"column":49}},"loc":{"start":{"line":40,"column":2},"end":{"line":45,"column":37}},"line":40},"3":{"name":"(anonymous_3)","decl":{"start":{"line":50,"column":39},"end":{"line":50,"column":40}},"loc":{"start":{"line":51,"column":2},"end":{"line":70,"column":27}},"line":51},"4":{"name":"(anonymous_4)","decl":{"start":{"line":74,"column":37},"end":{"line":74,"column":38}},"loc":{"start":{"line":75,"column":2},"end":{"line":78,"column":17}},"line":75},"5":{"name":"(anonymous_5)","decl":{"start":{"line":82,"column":36},"end":{"line":82,"column":37}},"loc":{"start":{"line":83,"column":2},"end":{"line":97,"column":25}},"line":83},"6":{"name":"(anonymous_6)","decl":{"start":{"line":101,"column":41},"end":{"line":101,"column":42}},"loc":{"start":{"line":102,"column":2},"end":{"line":105,"column":17}},"line":102}},"branchMap":{"0":{"loc":{"start":{"line":50,"column":63},"end":{"line":50,"column":82}},"type":"default-arg","locations":[{"start":{"line":50,"column":74},"end":{"line":50,"column":82}}],"line":50},"1":{"loc":{"start":{"line":56,"column":8},"end":{"line":57,"column":139}},"type":"binary-expr","locations":[{"start":{"line":56,"column":8},"end":{"line":56,"column":29}},{"start":{"line":57,"column":10},"end":{"line":57,"column":139}}],"line":56},"2":{"loc":{"start":{"line":64,"column":29},"end":{"line":65,"column":99}},"type":"binary-expr","locations":[{"start":{"line":64,"column":29},"end":{"line":64,"column":50}},{"start":{"line":65,"column":10},"end":{"line":65,"column":99}}],"line":64}},"s":{"0":1,"1":1,"2":1,"3":1,"4":0,"5":1,"6":1,"7":0,"8":1,"9":1,"10":0,"11":1,"12":1,"13":0,"14":1,"15":1,"16":0,"17":1,"18":1,"19":0,"20":1,"21":1,"22":0,"23":1},"f":{"0":0,"1":0,"2":0,"3":0,"4":0,"5":0,"6":0},"b":{"0":[0],"1":[0,0],"2":[0,0]},"_coverageSchema":"1a1c01bbd47fc00a2c39e90264f33305004495a9","hash":"5fcc8d063393c1f6d9316935f6ccb6a2fe1c8133"}
,"C:\\Users\\fullm\\Desktop\\Proyecto ACA\\Patient-Appointment-System\\src\\components\\ui\\separator.jsx": {"path":"C:\\Users\\fullm\\Desktop\\Proyecto ACA\\Patient-Appointment-System\\src\\components\\ui\\separator.jsx","statementMap":{"0":{"start":{"line":6,"column":18},"end":{"line":20,"column":2}},"1":{"start":{"line":10,"column":2},"end":{"line":19,"column":17}},"2":{"start":{"line":21,"column":0},"end":{"line":21,"column":59}}},"fnMap":{"0":{"name":"(anonymous_0)","decl":{"start":{"line":6,"column":35},"end":{"line":6,"column":36}},"loc":{"start":{"line":10,"column":2},"end":{"line":19,"column":17}},"line":10}},"branchMap":{"0":{"loc":{"start":{"line":7,"column":15},"end":{"line":7,"column":41}},"type":"default-arg","locations":[{"start":{"line":7,"column":29},"end":{"line":7,"column":41}}],"line":7},"1":{"loc":{"start":{"line":7,"column":43},"end":{"line":7,"column":60}},"type":"default-arg","locations":[{"start":{"line":7,"column":56},"end":{"line":7,"column":60}}],"line":7},"2":{"loc":{"start":{"line":16,"column":6},"end":{"line":16,"column":72}},"type":"cond-expr","locations":[{"start":{"line":16,"column":37},"end":{"line":16,"column":53}},{"start":{"line":16,"column":56},"end":{"line":16,"column":72}}],"line":16}},"s":{"0":1,"1":22,"2":1},"f":{"0":22},"b":{"0":[22],"1":[22],"2":[22,0]},"_coverageSchema":"1a1c01bbd47fc00a2c39e90264f33305004495a9","hash":"fb1f9f8e06f80e1536310d57e84d86c31f875ebf"}
,"C:\\Users\\fullm\\Desktop\\Proyecto ACA\\Patient-Appointment-System\\src\\components\\ui\\table.jsx": {"path":"C:\\Users\\fullm\\Desktop\\Proyecto ACA\\Patient-Appointment-System\\src\\components\\ui\\table.jsx","statementMap":{"0":{"start":{"line":5,"column":14},"end":{"line":12,"column":2}},"1":{"start":{"line":6,"column":2},"end":{"line":11,"column":8}},"2":{"start":{"line":13,"column":0},"end":{"line":13,"column":27}},"3":{"start":{"line":15,"column":20},"end":{"line":17,"column":2}},"4":{"start":{"line":16,"column":2},"end":{"line":16,"column":77}},"5":{"start":{"line":18,"column":0},"end":{"line":18,"column":39}},"6":{"start":{"line":20,"column":18},"end":{"line":25,"column":2}},"7":{"start":{"line":21,"column":2},"end":{"line":24,"column":17}},"8":{"start":{"line":26,"column":0},"end":{"line":26,"column":35}},"9":{"start":{"line":28,"column":20},"end":{"line":33,"column":2}},"10":{"start":{"line":29,"column":2},"end":{"line":32,"column":17}},"11":{"start":{"line":34,"column":0},"end":{"line":34,"column":39}},"12":{"start":{"line":36,"column":17},"end":{"line":44,"column":2}},"13":{"start":{"line":37,"column":2},"end":{"line":43,"column":17}},"14":{"start":{"line":45,"column":0},"end":{"line":45,"column":33}},"15":{"start":{"line":47,"column":18},"end":{"line":55,"column":2}},"16":{"start":{"line":48,"column":2},"end":{"line":54,"column":17}},"17":{"start":{"line":56,"column":0},"end":{"line":56,"column":35}},"18":{"start":{"line":58,"column":18},"end":{"line":63,"column":2}},"19":{"start":{"line":59,"column":2},"end":{"line":62,"column":17}},"20":{"start":{"line":64,"column":0},"end":{"line":64,"column":35}},"21":{"start":{"line":66,"column":21},"end":{"line":71,"column":2}},"22":{"start":{"line":67,"column":2},"end":{"line":70,"column":17}},"23":{"start":{"line":72,"column":0},"end":{"line":72,"column":41}}},"fnMap":{"0":{"name":"(anonymous_0)","decl":{"start":{"line":5,"column":31},"end":{"line":5,"column":32}},"loc":{"start":{"line":6,"column":2},"end":{"line":11,"column":8}},"line":6},"1":{"name":"(anonymous_1)","decl":{"start":{"line":15,"column":37},"end":{"line":15,"column":38}},"loc":{"start":{"line":16,"column":2},"end":{"line":16,"column":77}},"line":16},"2":{"name":"(anonymous_2)","decl":{"start":{"line":20,"column":35},"end":{"line":20,"column":36}},"loc":{"start":{"line":21,"column":2},"end":{"line":24,"column":17}},"line":21},"3":{"name":"(anonymous_3)","decl":{"start":{"line":28,"column":37},"end":{"line":28,"column":38}},"loc":{"start":{"line":29,"column":2},"end":{"line":32,"column":17}},"line":29},"4":{"name":"(anonymous_4)","decl":{"start":{"line":36,"column":34},"end":{"line":36,"column":35}},"loc":{"start":{"line":37,"column":2},"end":{"line":43,"column":17}},"line":37},"5":{"name":"(anonymous_5)","decl":{"start":{"line":47,"column":35},"end":{"line":47,"column":36}},"loc":{"start":{"line":48,"column":2},"end":{"line":54,"column":17}},"line":48},"6":{"name":"(anonymous_6)","decl":{"start":{"line":58,"column":35},"end":{"line":58,"column":36}},"loc":{"start":{"line":59,"column":2},"end":{"line":62,"column":17}},"line":59},"7":{"name":"(anonymous_7)","decl":{"start":{"line":66,"column":38},"end":{"line":66,"column":39}},"loc":{"start":{"line":67,"column":2},"end":{"line":70,"column":17}},"line":67}},"branchMap":{},"s":{"0":1,"1":9,"2":1,"3":1,"4":9,"5":1,"6":1,"7":9,"8":1,"9":1,"10":0,"11":1,"12":1,"13":18,"14":1,"15":1,"16":54,"17":1,"18":1,"19":54,"20":1,"21":1,"22":0,"23":1},"f":{"0":9,"1":9,"2":9,"3":0,"4":18,"5":54,"6":54,"7":0},"b":{},"_coverageSchema":"1a1c01bbd47fc00a2c39e90264f33305004495a9","hash":"ef28a97feaa96f3596d6409c8393167111103098"}
,"C:\\Users\\fullm\\Desktop\\Proyecto ACA\\Patient-Appointment-System\\src\\components\\ui\\tabs.jsx": {"path":"C:\\Users\\fullm\\Desktop\\Proyecto ACA\\Patient-Appointment-System\\src\\components\\ui\\tabs.jsx","statementMap":{"0":{"start":{"line":6,"column":13},"end":{"line":6,"column":31}},"1":{"start":{"line":8,"column":17},"end":{"line":16,"column":2}},"2":{"start":{"line":9,"column":2},"end":{"line":15,"column":17}},"3":{"start":{"line":17,"column":0},"end":{"line":17,"column":53}},"4":{"start":{"line":19,"column":20},"end":{"line":27,"column":2}},"5":{"start":{"line":20,"column":2},"end":{"line":26,"column":17}},"6":{"start":{"line":28,"column":0},"end":{"line":28,"column":59}},"7":{"start":{"line":30,"column":20},"end":{"line":38,"column":2}},"8":{"start":{"line":31,"column":2},"end":{"line":37,"column":17}},"9":{"start":{"line":39,"column":0},"end":{"line":39,"column":59}}},"fnMap":{"0":{"name":"(anonymous_0)","decl":{"start":{"line":8,"column":34},"end":{"line":8,"column":35}},"loc":{"start":{"line":9,"column":2},"end":{"line":15,"column":17}},"line":9},"1":{"name":"(anonymous_1)","decl":{"start":{"line":19,"column":37},"end":{"line":19,"column":38}},"loc":{"start":{"line":20,"column":2},"end":{"line":26,"column":17}},"line":20},"2":{"name":"(anonymous_2)","decl":{"start":{"line":30,"column":37},"end":{"line":30,"column":38}},"loc":{"start":{"line":31,"column":2},"end":{"line":37,"column":17}},"line":31}},"branchMap":{},"s":{"0":1,"1":1,"2":0,"3":1,"4":1,"5":0,"6":1,"7":1,"8":9,"9":1},"f":{"0":0,"1":0,"2":9},"b":{},"_coverageSchema":"1a1c01bbd47fc00a2c39e90264f33305004495a9","hash":"dd80d45f2201f9720b0cce126e1999a6c5d2ff30"}
,"C:\\Users\\fullm\\Desktop\\Proyecto ACA\\Patient-Appointment-System\\src\\http\\api.js": {"path":"C:\\Users\\fullm\\Desktop\\Proyecto ACA\\Patient-Appointment-System\\src\\http\\api.js","statementMap":{"0":{"start":{"line":3,"column":18},"end":{"line":3,"column":41}},"1":{"start":{"line":7,"column":34},"end":{"line":14,"column":1}},"2":{"start":{"line":8,"column":2},"end":{"line":13,"column":3}},"3":{"start":{"line":9,"column":21},"end":{"line":9,"column":70}},"4":{"start":{"line":10,"column":4},"end":{"line":10,"column":20}},"5":{"start":{"line":12,"column":4},"end":{"line":12,"column":25}},"6":{"start":{"line":16,"column":33},"end":{"line":23,"column":1}},"7":{"start":{"line":17,"column":2},"end":{"line":22,"column":3}},"8":{"start":{"line":18,"column":21},"end":{"line":18,"column":58}},"9":{"start":{"line":19,"column":4},"end":{"line":19,"column":25}},"10":{"start":{"line":21,"column":4},"end":{"line":21,"column":25}},"11":{"start":{"line":25,"column":34},"end":{"line":32,"column":1}},"12":{"start":{"line":26,"column":2},"end":{"line":31,"column":3}},"13":{"start":{"line":27,"column":21},"end":{"line":27,"column":69}},"14":{"start":{"line":28,"column":4},"end":{"line":28,"column":25}},"15":{"start":{"line":30,"column":4},"end":{"line":30,"column":25}},"16":{"start":{"line":35,"column":29},"end":{"line":42,"column":1}},"17":{"start":{"line":36,"column":2},"end":{"line":41,"column":3}},"18":{"start":{"line":37,"column":21},"end":{"line":37,"column":60}},"19":{"start":{"line":38,"column":4},"end":{"line":38,"column":25}},"20":{"start":{"line":40,"column":4},"end":{"line":40,"column":25}},"21":{"start":{"line":44,"column":33},"end":{"line":51,"column":1}},"22":{"start":{"line":45,"column":2},"end":{"line":50,"column":3}},"23":{"start":{"line":46,"column":21},"end":{"line":46,"column":66}},"24":{"start":{"line":47,"column":4},"end":{"line":47,"column":25}},"25":{"start":{"line":49,"column":4},"end":{"line":49,"column":25}},"26":{"start":{"line":53,"column":34},"end":{"line":60,"column":1}},"27":{"start":{"line":54,"column":2},"end":{"line":59,"column":3}},"28":{"start":{"line":55,"column":21},"end":{"line":55,"column":66}},"29":{"start":{"line":56,"column":4},"end":{"line":56,"column":25}},"30":{"start":{"line":58,"column":4},"end":{"line":58,"column":25}},"31":{"start":{"line":62,"column":29},"end":{"line":69,"column":1}},"32":{"start":{"line":63,"column":2},"end":{"line":68,"column":3}},"33":{"start":{"line":64,"column":21},"end":{"line":64,"column":67}},"34":{"start":{"line":65,"column":4},"end":{"line":65,"column":25}},"35":{"start":{"line":67,"column":4},"end":{"line":67,"column":25}},"36":{"start":{"line":72,"column":45},"end":{"line":79,"column":1}},"37":{"start":{"line":73,"column":2},"end":{"line":78,"column":3}},"38":{"start":{"line":74,"column":21},"end":{"line":74,"column":70}},"39":{"start":{"line":75,"column":4},"end":{"line":75,"column":25}},"40":{"start":{"line":77,"column":4},"end":{"line":77,"column":25}},"41":{"start":{"line":80,"column":33},"end":{"line":87,"column":1}},"42":{"start":{"line":81,"column":2},"end":{"line":86,"column":3}},"43":{"start":{"line":82,"column":21},"end":{"line":82,"column":64}},"44":{"start":{"line":83,"column":4},"end":{"line":83,"column":25}},"45":{"start":{"line":85,"column":4},"end":{"line":85,"column":25}},"46":{"start":{"line":89,"column":39},"end":{"line":96,"column":1}},"47":{"start":{"line":90,"column":2},"end":{"line":95,"column":3}},"48":{"start":{"line":91,"column":21},"end":{"line":91,"column":71}},"49":{"start":{"line":92,"column":4},"end":{"line":92,"column":25}},"50":{"start":{"line":94,"column":4},"end":{"line":94,"column":25}},"51":{"start":{"line":98,"column":49},"end":{"line":105,"column":1}},"52":{"start":{"line":99,"column":2},"end":{"line":104,"column":3}},"53":{"start":{"line":100,"column":21},"end":{"line":100,"column":76}},"54":{"start":{"line":101,"column":4},"end":{"line":101,"column":25}},"55":{"start":{"line":103,"column":4},"end":{"line":103,"column":25}},"56":{"start":{"line":107,"column":33},"end":{"line":114,"column":1}},"57":{"start":{"line":108,"column":2},"end":{"line":113,"column":3}},"58":{"start":{"line":109,"column":21},"end":{"line":109,"column":71}},"59":{"start":{"line":110,"column":4},"end":{"line":110,"column":25}},"60":{"start":{"line":112,"column":4},"end":{"line":112,"column":25}},"61":{"start":{"line":116,"column":34},"end":{"line":123,"column":1}},"62":{"start":{"line":117,"column":2},"end":{"line":122,"column":3}},"63":{"start":{"line":118,"column":21},"end":{"line":118,"column":78}},"64":{"start":{"line":119,"column":4},"end":{"line":119,"column":25}},"65":{"start":{"line":121,"column":4},"end":{"line":121,"column":25}},"66":{"start":{"line":126,"column":29},"end":{"line":133,"column":1}},"67":{"start":{"line":127,"column":2},"end":{"line":132,"column":3}},"68":{"start":{"line":128,"column":21},"end":{"line":128,"column":60}},"69":{"start":{"line":129,"column":4},"end":{"line":129,"column":25}},"70":{"start":{"line":131,"column":4},"end":{"line":131,"column":25}},"71":{"start":{"line":135,"column":29},"end":{"line":142,"column":1}},"72":{"start":{"line":136,"column":2},"end":{"line":141,"column":3}},"73":{"start":{"line":137,"column":21},"end":{"line":137,"column":67}},"74":{"start":{"line":138,"column":4},"end":{"line":138,"column":25}},"75":{"start":{"line":140,"column":4},"end":{"line":140,"column":25}},"76":{"start":{"line":144,"column":29},"end":{"line":151,"column":1}},"77":{"start":{"line":145,"column":2},"end":{"line":150,"column":3}},"78":{"start":{"line":146,"column":21},"end":{"line":146,"column":72}},"79":{"start":{"line":147,"column":4},"end":{"line":147,"column":25}},"80":{"start":{"line":149,"column":4},"end":{"line":149,"column":25}},"81":{"start":{"line":154,"column":26},"end":{"line":161,"column":1}},"82":{"start":{"line":155,"column":2},"end":{"line":160,"column":3}},"83":{"start":{"line":156,"column":21},"end":{"line":156,"column":57}},"84":{"start":{"line":157,"column":4},"end":{"line":157,"column":25}},"85":{"start":{"line":159,"column":4},"end":{"line":159,"column":25}},"86":{"start":{"line":163,"column":26},"end":{"line":170,"column":1}},"87":{"start":{"line":164,"column":2},"end":{"line":169,"column":3}},"88":{"start":{"line":165,"column":21},"end":{"line":165,"column":64}},"89":{"start":{"line":166,"column":4},"end":{"line":166,"column":25}},"90":{"start":{"line":168,"column":4},"end":{"line":168,"column":25}},"91":{"start":{"line":172,"column":26},"end":{"line":179,"column":1}},"92":{"start":{"line":173,"column":2},"end":{"line":178,"column":3}},"93":{"start":{"line":174,"column":21},"end":{"line":174,"column":69}},"94":{"start":{"line":175,"column":4},"end":{"line":175,"column":25}},"95":{"start":{"line":177,"column":4},"end":{"line":177,"column":25}},"96":{"start":{"line":182,"column":33},"end":{"line":189,"column":1}},"97":{"start":{"line":183,"column":2},"end":{"line":188,"column":3}},"98":{"start":{"line":184,"column":21},"end":{"line":184,"column":77}},"99":{"start":{"line":185,"column":4},"end":{"line":185,"column":29}},"100":{"start":{"line":187,"column":4},"end":{"line":187,"column":25}},"101":{"start":{"line":192,"column":36},"end":{"line":205,"column":1}},"102":{"start":{"line":193,"column":2},"end":{"line":204,"column":3}},"103":{"start":{"line":194,"column":21},"end":{"line":199,"column":6}},"104":{"start":{"line":200,"column":4},"end":{"line":200,"column":25}},"105":{"start":{"line":202,"column":4},"end":{"line":202,"column":75}},"106":{"start":{"line":203,"column":4},"end":{"line":203,"column":16}}},"fnMap":{"0":{"name":"(anonymous_0)","decl":{"start":{"line":7,"column":34},"end":{"line":7,"column":35}},"loc":{"start":{"line":7,"column":50},"end":{"line":14,"column":1}},"line":7},"1":{"name":"(anonymous_1)","decl":{"start":{"line":16,"column":33},"end":{"line":16,"column":34}},"loc":{"start":{"line":16,"column":45},"end":{"line":23,"column":1}},"line":16},"2":{"name":"(anonymous_2)","decl":{"start":{"line":25,"column":34},"end":{"line":25,"column":35}},"loc":{"start":{"line":25,"column":50},"end":{"line":32,"column":1}},"line":25},"3":{"name":"(anonymous_3)","decl":{"start":{"line":35,"column":29},"end":{"line":35,"column":30}},"loc":{"start":{"line":35,"column":41},"end":{"line":42,"column":1}},"line":35},"4":{"name":"(anonymous_4)","decl":{"start":{"line":44,"column":33},"end":{"line":44,"column":34}},"loc":{"start":{"line":44,"column":47},"end":{"line":51,"column":1}},"line":44},"5":{"name":"(anonymous_5)","decl":{"start":{"line":53,"column":34},"end":{"line":53,"column":35}},"loc":{"start":{"line":53,"column":46},"end":{"line":60,"column":1}},"line":53},"6":{"name":"(anonymous_6)","decl":{"start":{"line":62,"column":29},"end":{"line":62,"column":30}},"loc":{"start":{"line":62,"column":45},"end":{"line":69,"column":1}},"line":62},"7":{"name":"(anonymous_7)","decl":{"start":{"line":72,"column":45},"end":{"line":72,"column":46}},"loc":{"start":{"line":72,"column":59},"end":{"line":79,"column":1}},"line":72},"8":{"name":"(anonymous_8)","decl":{"start":{"line":80,"column":33},"end":{"line":80,"column":34}},"loc":{"start":{"line":80,"column":45},"end":{"line":87,"column":1}},"line":80},"9":{"name":"(anonymous_9)","decl":{"start":{"line":89,"column":39},"end":{"line":89,"column":40}},"loc":{"start":{"line":89,"column":51},"end":{"line":96,"column":1}},"line":89},"10":{"name":"(anonymous_10)","decl":{"start":{"line":98,"column":49},"end":{"line":98,"column":50}},"loc":{"start":{"line":98,"column":61},"end":{"line":105,"column":1}},"line":98},"11":{"name":"(anonymous_11)","decl":{"start":{"line":107,"column":33},"end":{"line":107,"column":34}},"loc":{"start":{"line":107,"column":49},"end":{"line":114,"column":1}},"line":107},"12":{"name":"(anonymous_12)","decl":{"start":{"line":116,"column":34},"end":{"line":116,"column":35}},"loc":{"start":{"line":116,"column":54},"end":{"line":123,"column":1}},"line":116},"13":{"name":"(anonymous_13)","decl":{"start":{"line":126,"column":29},"end":{"line":126,"column":30}},"loc":{"start":{"line":126,"column":41},"end":{"line":133,"column":1}},"line":126},"14":{"name":"(anonymous_14)","decl":{"start":{"line":135,"column":29},"end":{"line":135,"column":30}},"loc":{"start":{"line":135,"column":45},"end":{"line":142,"column":1}},"line":135},"15":{"name":"(anonymous_15)","decl":{"start":{"line":144,"column":29},"end":{"line":144,"column":30}},"loc":{"start":{"line":144,"column":49},"end":{"line":151,"column":1}},"line":144},"16":{"name":"(anonymous_16)","decl":{"start":{"line":154,"column":26},"end":{"line":154,"column":27}},"loc":{"start":{"line":154,"column":38},"end":{"line":161,"column":1}},"line":154},"17":{"name":"(anonymous_17)","decl":{"start":{"line":163,"column":26},"end":{"line":163,"column":27}},"loc":{"start":{"line":163,"column":42},"end":{"line":170,"column":1}},"line":163},"18":{"name":"(anonymous_18)","decl":{"start":{"line":172,"column":26},"end":{"line":172,"column":27}},"loc":{"start":{"line":172,"column":46},"end":{"line":179,"column":1}},"line":172},"19":{"name":"(anonymous_19)","decl":{"start":{"line":182,"column":33},"end":{"line":182,"column":34}},"loc":{"start":{"line":182,"column":49},"end":{"line":189,"column":1}},"line":182},"20":{"name":"(anonymous_20)","decl":{"start":{"line":192,"column":36},"end":{"line":192,"column":37}},"loc":{"start":{"line":192,"column":74},"end":{"line":205,"column":1}},"line":192}},"branchMap":{},"s":{"0":1,"1":1,"2":0,"3":0,"4":0,"5":0,"6":1,"7":0,"8":0,"9":0,"10":0,"11":1,"12":0,"13":0,"14":0,"15":0,"16":1,"17":0,"18":0,"19":0,"20":0,"21":1,"22":0,"23":0,"24":0,"25":0,"26":1,"27":0,"28":0,"29":0,"30":0,"31":1,"32":0,"33":0,"34":0,"35":0,"36":1,"37":0,"38":0,"39":0,"40":0,"41":1,"42":0,"43":0,"44":0,"45":0,"46":1,"47":0,"48":0,"49":0,"50":0,"51":1,"52":0,"53":0,"54":0,"55":0,"56":1,"57":0,"58":0,"59":0,"60":0,"61":1,"62":0,"63":0,"64":0,"65":0,"66":1,"67":0,"68":0,"69":0,"70":0,"71":1,"72":0,"73":0,"74":0,"75":0,"76":1,"77":0,"78":0,"79":0,"80":0,"81":1,"82":0,"83":0,"84":0,"85":0,"86":1,"87":0,"88":0,"89":0,"90":0,"91":1,"92":0,"93":0,"94":0,"95":0,"96":1,"97":0,"98":0,"99":0,"100":0,"101":1,"102":0,"103":0,"104":0,"105":0,"106":0},"f":{"0":0,"1":0,"2":0,"3":0,"4":0,"5":0,"6":0,"7":0,"8":0,"9":0,"10":0,"11":0,"12":0,"13":0,"14":0,"15":0,"16":0,"17":0,"18":0,"19":0,"20":0},"b":{},"_coverageSchema":"1a1c01bbd47fc00a2c39e90264f33305004495a9","hash":"24e576360b705391edf8b83779e489910958efc3"}
,"C:\\Users\\fullm\\Desktop\\Proyecto ACA\\Patient-Appointment-System\\src\\lib\\utils.js": {"path":"C:\\Users\\fullm\\Desktop\\Proyecto ACA\\Patient-Appointment-System\\src\\lib\\utils.js","statementMap":{"0":{"start":{"line":5,"column":2},"end":{"line":5,"column":30}}},"fnMap":{"0":{"name":"cn","decl":{"start":{"line":4,"column":16},"end":{"line":4,"column":18}},"loc":{"start":{"line":4,"column":30},"end":{"line":6,"column":1}},"line":4}},"branchMap":{},"s":{"0":222},"f":{"0":222},"b":{},"_coverageSchema":"1a1c01bbd47fc00a2c39e90264f33305004495a9","hash":"bc4983a8cfd34bd27177c5b0c7eeda58729b1d6c"}
,"C:\\Users\\fullm\\Desktop\\Proyecto ACA\\Patient-Appointment-System\\src\\pages\\Appointments.jsx": {"path":"C:\\Users\\fullm\\Desktop\\Proyecto ACA\\Patient-Appointment-System\\src\\pages\\Appointments.jsx","statementMap":{"0":{"start":{"line":74,"column":64},"end":{"line":74,"column":79}},"1":{"start":{"line":75,"column":46},"end":{"line":75,"column":58}},"2":{"start":{"line":76,"column":42},"end":{"line":76,"column":54}},"3":{"start":{"line":77,"column":44},"end":{"line":77,"column":56}},"4":{"start":{"line":78,"column":46},"end":{"line":78,"column":58}},"5":{"start":{"line":79,"column":54},"end":{"line":79,"column":66}},"6":{"start":{"line":80,"column":41},"end":{"line":80,"column":53}},"7":{"start":{"line":81,"column":42},"end":{"line":81,"column":54}},"8":{"start":{"line":82,"column":44},"end":{"line":82,"column":56}},"9":{"start":{"line":84,"column":28},"end":{"line":84,"column":36}},"10":{"start":{"line":86,"column":24},"end":{"line":86,"column":40}},"11":{"start":{"line":88,"column":50},"end":{"line":88,"column":64}},"12":{"start":{"line":89,"column":50},"end":{"line":89,"column":64}},"13":{"start":{"line":90,"column":44},"end":{"line":90,"column":58}},"14":{"start":{"line":91,"column":34},"end":{"line":91,"column":46}},"15":{"start":{"line":92,"column":28},"end":{"line":92,"column":40}},"16":{"start":{"line":94,"column":34},"end":{"line":94,"column":46}},"17":{"start":{"line":95,"column":46},"end":{"line":95,"column":58}},"18":{"start":{"line":96,"column":52},"end":{"line":96,"column":64}},"19":{"start":{"line":97,"column":44},"end":{"line":97,"column":56}},"20":{"start":{"line":99,"column":36},"end":{"line":99,"column":48}},"21":{"start":{"line":101,"column":42},"end":{"line":101,"column":54}},"22":{"start":{"line":102,"column":38},"end":{"line":102,"column":53}},"23":{"start":{"line":103,"column":30},"end":{"line":103,"column":42}},"24":{"start":{"line":106,"column":4},"end":{"line":108,"column":11}},"25":{"start":{"line":107,"column":8},"end":{"line":107,"column":40}},"26":{"start":{"line":112,"column":0},"end":{"line":120,"column":7}},"27":{"start":{"line":113,"column":27},"end":{"line":113,"column":70}},"28":{"start":{"line":114,"column":4},"end":{"line":119,"column":5}},"29":{"start":{"line":115,"column":23},"end":{"line":115,"column":55}},"30":{"start":{"line":116,"column":8},"end":{"line":116,"column":59}},"31":{"start":{"line":117,"column":8},"end":{"line":117,"column":39}},"32":{"start":{"line":118,"column":8},"end":{"line":118,"column":42}},"33":{"start":{"line":122,"column":0},"end":{"line":156,"column":29}},"34":{"start":{"line":123,"column":4},"end":{"line":123,"column":64}},"35":{"start":{"line":124,"column":4},"end":{"line":124,"column":41}},"36":{"start":{"line":125,"column":4},"end":{"line":125,"column":84}},"37":{"start":{"line":126,"column":4},"end":{"line":126,"column":45}},"38":{"start":{"line":128,"column":4},"end":{"line":155,"column":5}},"39":{"start":{"line":130,"column":20},"end":{"line":130,"column":40}},"40":{"start":{"line":131,"column":23},"end":{"line":131,"column":35}},"41":{"start":{"line":134,"column":25},"end":{"line":134,"column":56}},"42":{"start":{"line":136,"column":8},"end":{"line":136,"column":43}},"43":{"start":{"line":138,"column":24},"end":{"line":148,"column":9}},"44":{"start":{"line":150,"column":20},"end":{"line":150,"column":68}},"45":{"start":{"line":152,"column":8},"end":{"line":154,"column":10}},"46":{"start":{"line":153,"column":12},"end":{"line":153,"column":26}},"47":{"start":{"line":160,"column":24},"end":{"line":160,"column":34}},"48":{"start":{"line":161,"column":26},"end":{"line":169,"column":6}},"49":{"start":{"line":171,"column":48},"end":{"line":174,"column":6}},"50":{"start":{"line":181,"column":8},"end":{"line":185,"column":6}},"51":{"start":{"line":191,"column":8},"end":{"line":195,"column":6}},"52":{"start":{"line":201,"column":8},"end":{"line":205,"column":6}},"53":{"start":{"line":207,"column":21},"end":{"line":228,"column":6}},"54":{"start":{"line":208,"column":30},"end":{"line":208,"column":53}},"55":{"start":{"line":210,"column":12},"end":{"line":210,"column":60}},"56":{"start":{"line":211,"column":12},"end":{"line":217,"column":15}},"57":{"start":{"line":215,"column":35},"end":{"line":215,"column":52}},"58":{"start":{"line":220,"column":12},"end":{"line":226,"column":15}},"59":{"start":{"line":224,"column":35},"end":{"line":224,"column":52}},"60":{"start":{"line":230,"column":36},"end":{"line":260,"column":5}},"61":{"start":{"line":231,"column":8},"end":{"line":259,"column":9}},"62":{"start":{"line":232,"column":25},"end":{"line":239,"column":13}},"63":{"start":{"line":240,"column":32},"end":{"line":243,"column":13}},"64":{"start":{"line":244,"column":12},"end":{"line":244,"column":34}},"65":{"start":{"line":245,"column":12},"end":{"line":245,"column":27}},"66":{"start":{"line":246,"column":12},"end":{"line":246,"column":24}},"67":{"start":{"line":247,"column":12},"end":{"line":247,"column":28}},"68":{"start":{"line":248,"column":12},"end":{"line":254,"column":15}},"69":{"start":{"line":252,"column":35},"end":{"line":252,"column":52}},"70":{"start":{"line":255,"column":31},"end":{"line":255,"column":67}},"71":{"start":{"line":256,"column":12},"end":{"line":258,"column":13}},"72":{"start":{"line":257,"column":16},"end":{"line":257,"column":50}},"73":{"start":{"line":262,"column":28},"end":{"line":274,"column":5}},"74":{"start":{"line":263,"column":8},"end":{"line":263,"column":40}},"75":{"start":{"line":264,"column":8},"end":{"line":264,"column":42}},"76":{"start":{"line":265,"column":8},"end":{"line":265,"column":44}},"77":{"start":{"line":266,"column":8},"end":{"line":266,"column":46}},"78":{"start":{"line":267,"column":8},"end":{"line":267,"column":54}},"79":{"start":{"line":268,"column":8},"end":{"line":268,"column":36}},"80":{"start":{"line":269,"column":8},"end":{"line":269,"column":42}},"81":{"start":{"line":270,"column":8},"end":{"line":270,"column":44}},"82":{"start":{"line":271,"column":8},"end":{"line":271,"column":34}},"83":{"start":{"line":272,"column":8},"end":{"line":272,"column":35}},"84":{"start":{"line":273,"column":8},"end":{"line":273,"column":41}},"85":{"start":{"line":276,"column":37},"end":{"line":286,"column":5}},"86":{"start":{"line":277,"column":29},"end":{"line":277,"column":58}},"87":{"start":{"line":279,"column":8},"end":{"line":285,"column":9}},"88":{"start":{"line":280,"column":25},"end":{"line":282,"column":13}},"89":{"start":{"line":283,"column":12},"end":{"line":283,"column":54}},"90":{"start":{"line":284,"column":12},"end":{"line":284,"column":45}},"91":{"start":{"line":288,"column":33},"end":{"line":309,"column":6}},"92":{"start":{"line":289,"column":38},"end":{"line":289,"column":66}},"93":{"start":{"line":291,"column":12},"end":{"line":291,"column":60}},"94":{"start":{"line":292,"column":12},"end":{"line":298,"column":15}},"95":{"start":{"line":296,"column":35},"end":{"line":296,"column":52}},"96":{"start":{"line":301,"column":12},"end":{"line":307,"column":15}},"97":{"start":{"line":305,"column":35},"end":{"line":305,"column":52}},"98":{"start":{"line":310,"column":20},"end":{"line":347,"column":5}},"99":{"start":{"line":311,"column":14},"end":{"line":345,"column":9}},"100":{"start":{"line":332,"column":37},"end":{"line":332,"column":58}},"101":{"start":{"line":333,"column":20},"end":{"line":342,"column":22}},"102":{"start":{"line":349,"column":18},"end":{"line":366,"column":6}},"103":{"start":{"line":368,"column":4},"end":{"line":375,"column":5}},"104":{"start":{"line":374,"column":8},"end":{"line":374,"column":32}},"105":{"start":{"line":377,"column":4},"end":{"line":379,"column":5}},"106":{"start":{"line":378,"column":8},"end":{"line":378,"column":84}},"107":{"start":{"line":381,"column":4},"end":{"line":791,"column":6}},"108":{"start":{"line":412,"column":72},"end":{"line":417,"column":85}},"109":{"start":{"line":430,"column":72},"end":{"line":435,"column":85}},"110":{"start":{"line":448,"column":72},"end":{"line":450,"column":85}},"111":{"start":{"line":457,"column":77},"end":{"line":457,"column":103}},"112":{"start":{"line":464,"column":77},"end":{"line":464,"column":100}},"113":{"start":{"line":502,"column":52},"end":{"line":504,"column":92}},"114":{"start":{"line":519,"column":76},"end":{"line":519,"column":95}},"115":{"start":{"line":521,"column":60},"end":{"line":532,"column":62}},"116":{"start":{"line":527,"column":72},"end":{"line":527,"column":104}},"117":{"start":{"line":541,"column":56},"end":{"line":555,"column":67}},"118":{"start":{"line":544,"column":64},"end":{"line":553,"column":66}},"119":{"start":{"line":561,"column":60},"end":{"line":575,"column":71}},"120":{"start":{"line":564,"column":79},"end":{"line":564,"column":108}},"121":{"start":{"line":568,"column":68},"end":{"line":573,"column":80}},"122":{"start":{"line":599,"column":67},"end":{"line":599,"column":87}},"123":{"start":{"line":607,"column":67},"end":{"line":607,"column":83}},"124":{"start":{"line":633,"column":36},"end":{"line":633,"column":56}},"125":{"start":{"line":634,"column":36},"end":{"line":634,"column":55}},"126":{"start":{"line":731,"column":36},"end":{"line":745,"column":37}},"127":{"start":{"line":732,"column":53},"end":{"line":732,"column":107}},"128":{"start":{"line":733,"column":36},"end":{"line":740,"column":37}},"129":{"start":{"line":734,"column":40},"end":{"line":734,"column":76}},"130":{"start":{"line":735,"column":40},"end":{"line":735,"column":59}},"131":{"start":{"line":737,"column":40},"end":{"line":739,"column":43}},"132":{"start":{"line":742,"column":36},"end":{"line":744,"column":39}},"133":{"start":{"line":778,"column":63},"end":{"line":778,"column":102}}},"fnMap":{"0":{"name":"Appointments","decl":{"start":{"line":73,"column":24},"end":{"line":73,"column":36}},"loc":{"start":{"line":73,"column":39},"end":{"line":792,"column":1}},"line":73},"1":{"name":"(anonymous_1)","decl":{"start":{"line":106,"column":14},"end":{"line":106,"column":15}},"loc":{"start":{"line":106,"column":20},"end":{"line":108,"column":5}},"line":106},"2":{"name":"(anonymous_2)","decl":{"start":{"line":112,"column":10},"end":{"line":112,"column":11}},"loc":{"start":{"line":112,"column":16},"end":{"line":120,"column":1}},"line":112},"3":{"name":"(anonymous_3)","decl":{"start":{"line":122,"column":10},"end":{"line":122,"column":11}},"loc":{"start":{"line":122,"column":16},"end":{"line":156,"column":1}},"line":122},"4":{"name":"(anonymous_4)","decl":{"start":{"line":152,"column":15},"end":{"line":152,"column":16}},"loc":{"start":{"line":152,"column":21},"end":{"line":154,"column":9}},"line":152},"5":{"name":"(anonymous_5)","decl":{"start":{"line":208,"column":20},"end":{"line":208,"column":21}},"loc":{"start":{"line":208,"column":30},"end":{"line":208,"column":53}},"line":208},"6":{"name":"(anonymous_6)","decl":{"start":{"line":209,"column":19},"end":{"line":209,"column":20}},"loc":{"start":{"line":209,"column":25},"end":{"line":218,"column":9}},"line":209},"7":{"name":"(anonymous_7)","decl":{"start":{"line":215,"column":29},"end":{"line":215,"column":30}},"loc":{"start":{"line":215,"column":35},"end":{"line":215,"column":52}},"line":215},"8":{"name":"(anonymous_8)","decl":{"start":{"line":219,"column":17},"end":{"line":219,"column":18}},"loc":{"start":{"line":219,"column":23},"end":{"line":227,"column":9}},"line":219},"9":{"name":"(anonymous_9)","decl":{"start":{"line":224,"column":29},"end":{"line":224,"column":30}},"loc":{"start":{"line":224,"column":35},"end":{"line":224,"column":52}},"line":224},"10":{"name":"(anonymous_10)","decl":{"start":{"line":230,"column":36},"end":{"line":230,"column":37}},"loc":{"start":{"line":230,"column":48},"end":{"line":260,"column":5}},"line":230},"11":{"name":"(anonymous_11)","decl":{"start":{"line":252,"column":29},"end":{"line":252,"column":30}},"loc":{"start":{"line":252,"column":35},"end":{"line":252,"column":52}},"line":252},"12":{"name":"(anonymous_12)","decl":{"start":{"line":262,"column":28},"end":{"line":262,"column":29}},"loc":{"start":{"line":262,"column":38},"end":{"line":274,"column":5}},"line":262},"13":{"name":"(anonymous_13)","decl":{"start":{"line":276,"column":37},"end":{"line":276,"column":38}},"loc":{"start":{"line":276,"column":45},"end":{"line":286,"column":5}},"line":276},"14":{"name":"(anonymous_14)","decl":{"start":{"line":289,"column":20},"end":{"line":289,"column":21}},"loc":{"start":{"line":289,"column":38},"end":{"line":289,"column":66}},"line":289},"15":{"name":"(anonymous_15)","decl":{"start":{"line":290,"column":19},"end":{"line":290,"column":20}},"loc":{"start":{"line":290,"column":25},"end":{"line":299,"column":9}},"line":290},"16":{"name":"(anonymous_16)","decl":{"start":{"line":296,"column":29},"end":{"line":296,"column":30}},"loc":{"start":{"line":296,"column":35},"end":{"line":296,"column":52}},"line":296},"17":{"name":"(anonymous_17)","decl":{"start":{"line":300,"column":17},"end":{"line":300,"column":18}},"loc":{"start":{"line":300,"column":23},"end":{"line":308,"column":9}},"line":300},"18":{"name":"(anonymous_18)","decl":{"start":{"line":305,"column":29},"end":{"line":305,"column":30}},"loc":{"start":{"line":305,"column":35},"end":{"line":305,"column":52}},"line":305},"19":{"name":"(anonymous_19)","decl":{"start":{"line":311,"column":8},"end":{"line":311,"column":9}},"loc":{"start":{"line":311,"column":14},"end":{"line":345,"column":9}},"line":311},"20":{"name":"(anonymous_20)","decl":{"start":{"line":331,"column":22},"end":{"line":331,"column":23}},"loc":{"start":{"line":331,"column":35},"end":{"line":343,"column":17}},"line":331},"21":{"name":"(anonymous_21)","decl":{"start":{"line":411,"column":85},"end":{"line":411,"column":86}},"loc":{"start":{"line":412,"column":72},"end":{"line":417,"column":85}},"line":412},"22":{"name":"(anonymous_22)","decl":{"start":{"line":429,"column":85},"end":{"line":429,"column":86}},"loc":{"start":{"line":430,"column":72},"end":{"line":435,"column":85}},"line":430},"23":{"name":"(anonymous_23)","decl":{"start":{"line":447,"column":82},"end":{"line":447,"column":83}},"loc":{"start":{"line":448,"column":72},"end":{"line":450,"column":85}},"line":448},"24":{"name":"(anonymous_24)","decl":{"start":{"line":457,"column":70},"end":{"line":457,"column":71}},"loc":{"start":{"line":457,"column":77},"end":{"line":457,"column":103}},"line":457},"25":{"name":"(anonymous_25)","decl":{"start":{"line":464,"column":70},"end":{"line":464,"column":71}},"loc":{"start":{"line":464,"column":77},"end":{"line":464,"column":100}},"line":464},"26":{"name":"(anonymous_26)","decl":{"start":{"line":501,"column":58},"end":{"line":501,"column":59}},"loc":{"start":{"line":502,"column":52},"end":{"line":504,"column":92}},"line":502},"27":{"name":"(anonymous_27)","decl":{"start":{"line":519,"column":64},"end":{"line":519,"column":65}},"loc":{"start":{"line":519,"column":76},"end":{"line":519,"column":95}},"line":519},"28":{"name":"(anonymous_28)","decl":{"start":{"line":520,"column":61},"end":{"line":520,"column":62}},"loc":{"start":{"line":520,"column":73},"end":{"line":533,"column":57}},"line":520},"29":{"name":"(anonymous_29)","decl":{"start":{"line":526,"column":85},"end":{"line":526,"column":86}},"loc":{"start":{"line":527,"column":72},"end":{"line":527,"column":104}},"line":527},"30":{"name":"(anonymous_30)","decl":{"start":{"line":540,"column":81},"end":{"line":540,"column":82}},"loc":{"start":{"line":541,"column":56},"end":{"line":555,"column":67}},"line":541},"31":{"name":"(anonymous_31)","decl":{"start":{"line":543,"column":85},"end":{"line":543,"column":86}},"loc":{"start":{"line":543,"column":97},"end":{"line":554,"column":61}},"line":543},"32":{"name":"(anonymous_32)","decl":{"start":{"line":560,"column":85},"end":{"line":560,"column":86}},"loc":{"start":{"line":561,"column":60},"end":{"line":575,"column":71}},"line":561},"33":{"name":"(anonymous_33)","decl":{"start":{"line":564,"column":73},"end":{"line":564,"column":74}},"loc":{"start":{"line":564,"column":79},"end":{"line":564,"column":108}},"line":564},"34":{"name":"(anonymous_34)","decl":{"start":{"line":567,"column":91},"end":{"line":567,"column":92}},"loc":{"start":{"line":568,"column":68},"end":{"line":573,"column":80}},"line":568},"35":{"name":"(anonymous_35)","decl":{"start":{"line":599,"column":61},"end":{"line":599,"column":62}},"loc":{"start":{"line":599,"column":67},"end":{"line":599,"column":87}},"line":599},"36":{"name":"(anonymous_36)","decl":{"start":{"line":607,"column":61},"end":{"line":607,"column":62}},"loc":{"start":{"line":607,"column":67},"end":{"line":607,"column":83}},"line":607},"37":{"name":"(anonymous_37)","decl":{"start":{"line":632,"column":41},"end":{"line":632,"column":42}},"loc":{"start":{"line":632,"column":47},"end":{"line":635,"column":33}},"line":632},"38":{"name":"(anonymous_38)","decl":{"start":{"line":730,"column":41},"end":{"line":730,"column":42}},"loc":{"start":{"line":730,"column":53},"end":{"line":746,"column":33}},"line":730},"39":{"name":"(anonymous_39)","decl":{"start":{"line":778,"column":57},"end":{"line":778,"column":58}},"loc":{"start":{"line":778,"column":63},"end":{"line":778,"column":102}},"line":778}},"branchMap":{"0":{"loc":{"start":{"line":114,"column":4},"end":{"line":119,"column":5}},"type":"if","locations":[{"start":{"line":114,"column":4},"end":{"line":119,"column":5}},{"start":{},"end":{}}],"line":114},"1":{"loc":{"start":{"line":128,"column":4},"end":{"line":155,"column":5}},"type":"if","locations":[{"start":{"line":128,"column":4},"end":{"line":155,"column":5}},{"start":{},"end":{}}],"line":128},"2":{"loc":{"start":{"line":128,"column":8},"end":{"line":128,"column":63}},"type":"binary-expr","locations":[{"start":{"line":128,"column":8},"end":{"line":128,"column":17}},{"start":{"line":128,"column":21},"end":{"line":128,"column":48}},{"start":{"line":128,"column":52},"end":{"line":128,"column":63}}],"line":128},"3":{"loc":{"start":{"line":231,"column":8},"end":{"line":259,"column":9}},"type":"if","locations":[{"start":{"line":231,"column":8},"end":{"line":259,"column":9}},{"start":{},"end":{}}],"line":231},"4":{"loc":{"start":{"line":231,"column":12},"end":{"line":231,"column":93}},"type":"binary-expr","locations":[{"start":{"line":231,"column":12},"end":{"line":231,"column":27}},{"start":{"line":231,"column":31},"end":{"line":231,"column":46}},{"start":{"line":231,"column":50},"end":{"line":231,"column":62}},{"start":{"line":231,"column":66},"end":{"line":231,"column":73}},{"start":{"line":231,"column":77},"end":{"line":231,"column":81}},{"start":{"line":231,"column":85},"end":{"line":231,"column":93}}],"line":231},"5":{"loc":{"start":{"line":256,"column":12},"end":{"line":258,"column":13}},"type":"if","locations":[{"start":{"line":256,"column":12},"end":{"line":258,"column":13}},{"start":{},"end":{}}],"line":256},"6":{"loc":{"start":{"line":279,"column":8},"end":{"line":285,"column":9}},"type":"if","locations":[{"start":{"line":279,"column":8},"end":{"line":285,"column":9}},{"start":{},"end":{}}],"line":279},"7":{"loc":{"start":{"line":335,"column":87},"end":{"line":337,"column":97}},"type":"cond-expr","locations":[{"start":{"line":336,"column":38},"end":{"line":336,"column":94}},{"start":{"line":337,"column":38},"end":{"line":337,"column":97}}],"line":335},"8":{"loc":{"start":{"line":340,"column":29},"end":{"line":340,"column":78}},"type":"cond-expr","locations":[{"start":{"line":340,"column":54},"end":{"line":340,"column":63}},{"start":{"line":340,"column":66},"end":{"line":340,"column":78}}],"line":340},"9":{"loc":{"start":{"line":350,"column":14},"end":{"line":350,"column":24}},"type":"binary-expr","locations":[{"start":{"line":350,"column":14},"end":{"line":350,"column":18}},{"start":{"line":350,"column":22},"end":{"line":350,"column":24}}],"line":350},"10":{"loc":{"start":{"line":368,"column":4},"end":{"line":375,"column":5}},"type":"if","locations":[{"start":{"line":368,"column":4},"end":{"line":375,"column":5}},{"start":{},"end":{}}],"line":368},"11":{"loc":{"start":{"line":369,"column":8},"end":{"line":372,"column":25}},"type":"binary-expr","locations":[{"start":{"line":369,"column":8},"end":{"line":369,"column":17}},{"start":{"line":370,"column":8},"end":{"line":370,"column":28}},{"start":{"line":371,"column":8},"end":{"line":371,"column":28}},{"start":{"line":372,"column":8},"end":{"line":372,"column":25}}],"line":369},"12":{"loc":{"start":{"line":377,"column":4},"end":{"line":379,"column":5}},"type":"if","locations":[{"start":{"line":377,"column":4},"end":{"line":379,"column":5}},{"start":{},"end":{}}],"line":377},"13":{"loc":{"start":{"line":377,"column":8},"end":{"line":377,"column":78}},"type":"binary-expr","locations":[{"start":{"line":377,"column":8},"end":{"line":377,"column":15}},{"start":{"line":377,"column":19},"end":{"line":377,"column":37}},{"start":{"line":377,"column":41},"end":{"line":377,"column":59}},{"start":{"line":377,"column":63},"end":{"line":377,"column":78}}],"line":377},"14":{"loc":{"start":{"line":378,"column":28},"end":{"line":378,"column":76}},"type":"cond-expr","locations":[{"start":{"line":378,"column":36},"end":{"line":378,"column":49}},{"start":{"line":378,"column":52},"end":{"line":378,"column":76}}],"line":378},"15":{"loc":{"start":{"line":383,"column":13},"end":{"line":650,"column":13}},"type":"cond-expr","locations":[{"start":{"line":384,"column":16},"end":{"line":619,"column":22}},{"start":{"line":621,"column":16},"end":{"line":649,"column":22}}],"line":383},"16":{"loc":{"start":{"line":546,"column":73},"end":{"line":551,"column":77}},"type":"cond-expr","locations":[{"start":{"line":547,"column":78},"end":{"line":547,"column":82}},{"start":{"line":548,"column":78},"end":{"line":551,"column":77}}],"line":546},"17":{"loc":{"start":{"line":559,"column":53},"end":{"line":586,"column":53}},"type":"cond-expr","locations":[{"start":{"line":560,"column":56},"end":{"line":576,"column":58}},{"start":{"line":578,"column":56},"end":{"line":585,"column":67}}],"line":559},"18":{"loc":{"start":{"line":563,"column":76},"end":{"line":563,"column":109}},"type":"binary-expr","locations":[{"start":{"line":563,"column":76},"end":{"line":563,"column":95}},{"start":{"line":563,"column":99},"end":{"line":563,"column":109}}],"line":563},"19":{"loc":{"start":{"line":651,"column":28},"end":{"line":651,"column":66}},"type":"cond-expr","locations":[{"start":{"line":651,"column":53},"end":{"line":651,"column":55}},{"start":{"line":651,"column":58},"end":{"line":651,"column":66}}],"line":651},"20":{"loc":{"start":{"line":718,"column":99},"end":{"line":720,"column":109}},"type":"cond-expr","locations":[{"start":{"line":719,"column":50},"end":{"line":719,"column":106}},{"start":{"line":720,"column":50},"end":{"line":720,"column":109}}],"line":718},"21":{"loc":{"start":{"line":723,"column":41},"end":{"line":723,"column":90}},"type":"cond-expr","locations":[{"start":{"line":723,"column":66},"end":{"line":723,"column":75}},{"start":{"line":723,"column":78},"end":{"line":723,"column":90}}],"line":723},"22":{"loc":{"start":{"line":727,"column":29},"end":{"line":752,"column":29}},"type":"binary-expr","locations":[{"start":{"line":727,"column":29},"end":{"line":727,"column":51}},{"start":{"line":727,"column":55},"end":{"line":727,"column":68}},{"start":{"line":727,"column":72},"end":{"line":727,"column":83}},{"start":{"line":728,"column":28},"end":{"line":751,"column":34}}],"line":727},"23":{"loc":{"start":{"line":733,"column":36},"end":{"line":740,"column":37}},"type":"if","locations":[{"start":{"line":733,"column":36},"end":{"line":740,"column":37}},{"start":{"line":736,"column":43},"end":{"line":740,"column":37}}],"line":733}},"s":{"0":16,"1":15,"2":15,"3":15,"4":15,"5":15,"6":15,"7":15,"8":15,"9":15,"10":15,"11":15,"12":15,"13":15,"14":15,"15":15,"16":15,"17":15,"18":15,"19":15,"20":15,"21":15,"22":15,"23":15,"24":15,"25":4,"26":15,"27":4,"28":4,"29":0,"30":0,"31":0,"32":0,"33":15,"34":11,"35":11,"36":11,"37":11,"38":11,"39":2,"40":2,"41":2,"42":2,"43":2,"44":2,"45":2,"46":2,"47":15,"48":15,"49":15,"50":15,"51":15,"52":15,"53":15,"54":0,"55":0,"56":0,"57":0,"58":0,"59":0,"60":15,"61":0,"62":0,"63":0,"64":0,"65":0,"66":0,"67":0,"68":0,"69":0,"70":0,"71":0,"72":0,"73":15,"74":4,"75":4,"76":4,"77":4,"78":4,"79":4,"80":4,"81":4,"82":4,"83":4,"84":4,"85":15,"86":0,"87":0,"88":0,"89":0,"90":0,"91":15,"92":0,"93":0,"94":0,"95":0,"96":0,"97":0,"98":15,"99":4,"100":9,"101":9,"102":15,"103":15,"104":4,"105":11,"106":0,"107":11,"108":9,"109":9,"110":9,"111":0,"112":0,"113":0,"114":45,"115":45,"116":0,"117":9,"118":45,"119":9,"120":4,"121":45,"122":0,"123":0,"124":1,"125":1,"126":3,"127":3,"128":2,"129":2,"130":2,"131":0,"132":1,"133":0},"f":{"0":16,"1":4,"2":4,"3":11,"4":2,"5":0,"6":0,"7":0,"8":0,"9":0,"10":0,"11":0,"12":4,"13":0,"14":0,"15":0,"16":0,"17":0,"18":0,"19":4,"20":9,"21":9,"22":9,"23":9,"24":0,"25":0,"26":0,"27":45,"28":45,"29":0,"30":9,"31":45,"32":9,"33":4,"34":45,"35":0,"36":0,"37":1,"38":3,"39":0},"b":{"0":[0,4],"1":[2,9],"2":[11,2,2],"3":[0,0],"4":[0,0,0,0,0,0],"5":[0,0],"6":[0,0],"7":[9,0],"8":[9,0],"9":[15,4],"10":[4,11],"11":[15,11,11,11],"12":[0,11],"13":[11,11,11,11],"14":[0,0],"15":[9,2],"16":[0,45],"17":[9,0],"18":[9,0],"19":[7,4],"20":[7,4],"21":[7,4],"22":[11,7,7,7],"23":[2,0]},"_coverageSchema":"1a1c01bbd47fc00a2c39e90264f33305004495a9","hash":"d62714562cf780a700637e569aa3ff9981d55e2a"}
}
