TN:
SF:src\components\ui\alert-dialog.jsx
FN:13,(anonymous_0)
FN:24,(anonymous_1)
FN:38,(anonymous_2)
FN:48,(anonymous_3)
FN:58,(anonymous_4)
FN:63,(anonymous_5)
FN:72,(anonymous_6)
FN:77,(anonymous_7)
FNF:8
FNH:1
FNDA:0,(anonymous_0)
FNDA:20,(anonymous_1)
FNDA:0,(anonymous_2)
FNDA:0,(anonymous_3)
FNDA:0,(anonymous_4)
FNDA:0,(anonymous_5)
FNDA:0,(anonymous_6)
FNDA:0,(anonymous_7)
DA:7,1
DA:9,1
DA:11,1
DA:13,1
DA:14,0
DA:22,1
DA:24,1
DA:25,20
DA:36,1
DA:38,1
DA:42,0
DA:46,1
DA:48,1
DA:52,0
DA:56,1
DA:58,1
DA:59,0
DA:61,1
DA:63,1
DA:64,0
DA:69,1
DA:72,1
DA:73,0
DA:75,1
DA:77,1
DA:78,0
DA:83,1
LF:27
LH:20
BRF:0
BRH:0
end_of_record
TN:
SF:src\components\ui\dropdown-menu.jsx
FN:19,(anonymous_0)
FN:35,(anonymous_1)
FN:47,(anonymous_2)
FN:61,(anonymous_3)
FN:73,(anonymous_4)
FN:93,(anonymous_5)
FN:111,(anonymous_6)
FN:119,(anonymous_7)
FN:127,(anonymous_8)
FNF:9
FNH:1
FNDA:0,(anonymous_0)
FNDA:0,(anonymous_1)
FNDA:9,(anonymous_2)
FNDA:0,(anonymous_3)
FNDA:0,(anonymous_4)
FNDA:0,(anonymous_5)
FNDA:0,(anonymous_6)
FNDA:0,(anonymous_7)
FNDA:0,(anonymous_8)
DA:7,1
DA:9,1
DA:11,1
DA:13,1
DA:15,1
DA:17,1
DA:19,1
DA:20,0
DA:32,1
DA:35,1
DA:36,0
DA:44,1
DA:47,1
DA:48,9
DA:59,1
DA:61,1
DA:62,0
DA:71,1
DA:73,1
DA:74,0
DA:90,1
DA:93,1
DA:94,0
DA:109,1
DA:111,1
DA:112,0
DA:117,1
DA:119,1
DA:120,0
DA:125,1
DA:127,1
DA:131,0
DA:137,1
LF:33
LH:25
BRDA:24,0,0,0
BRDA:24,0,1,0
BRDA:47,1,0,9
BRDA:66,2,0,0
BRDA:66,2,1,0
BRDA:114,3,0,0
BRDA:114,3,1,0
BRF:7
BRH:1
end_of_record
TN:
SF:src\components\ui\input.jsx
FN:5,(anonymous_0)
FNF:1
FNH:1
FNDA:9,(anonymous_0)
DA:5,1
DA:6,9
DA:17,1
LF:3
LH:3
BRF:0
BRH:0
end_of_record
TN:
SF:src\components\ui\select.jsx
FN:13,(anonymous_0)
FN:29,(anonymous_1)
FN:39,(anonymous_2)
FN:50,(anonymous_3)
FN:74,(anonymous_4)
FN:82,(anonymous_5)
FN:101,(anonymous_6)
FNF:7
FNH:0
FNDA:0,(anonymous_0)
FNDA:0,(anonymous_1)
FNDA:0,(anonymous_2)
FNDA:0,(anonymous_3)
FNDA:0,(anonymous_4)
FNDA:0,(anonymous_5)
FNDA:0,(anonymous_6)
DA:7,1
DA:9,1
DA:11,1
DA:13,1
DA:14,0
DA:27,1
DA:29,1
DA:30,0
DA:37,1
DA:39,1
DA:40,0
DA:47,1
DA:50,1
DA:51,0
DA:72,1
DA:74,1
DA:75,0
DA:80,1
DA:82,1
DA:83,0
DA:99,1
DA:101,1
DA:102,0
DA:107,1
LF:24
LH:17
BRDA:50,0,0,0
BRDA:56,1,0,0
BRDA:56,1,1,0
BRDA:64,2,0,0
BRDA:64,2,1,0
BRF:5
BRH:0
end_of_record
TN:
SF:src\components\ui\separator.jsx
FN:6,(anonymous_0)
FNF:1
FNH:1
FNDA:22,(anonymous_0)
DA:6,1
DA:10,22
DA:21,1
LF:3
LH:3
BRDA:7,0,0,22
BRDA:7,1,0,22
BRDA:16,2,0,22
BRDA:16,2,1,0
BRF:4
BRH:3
end_of_record
TN:
SF:src\components\ui\table.jsx
FN:5,(anonymous_0)
FN:15,(anonymous_1)
FN:20,(anonymous_2)
FN:28,(anonymous_3)
FN:36,(anonymous_4)
FN:47,(anonymous_5)
FN:58,(anonymous_6)
FN:66,(anonymous_7)
FNF:8
FNH:6
FNDA:9,(anonymous_0)
FNDA:9,(anonymous_1)
FNDA:9,(anonymous_2)
FNDA:0,(anonymous_3)
FNDA:18,(anonymous_4)
FNDA:54,(anonymous_5)
FNDA:54,(anonymous_6)
FNDA:0,(anonymous_7)
DA:5,1
DA:6,9
DA:13,1
DA:15,1
DA:16,9
DA:18,1
DA:20,1
DA:21,9
DA:26,1
DA:28,1
DA:29,0
DA:34,1
DA:36,1
DA:37,18
DA:45,1
DA:47,1
DA:48,54
DA:56,1
DA:58,1
DA:59,54
DA:64,1
DA:66,1
DA:67,0
DA:72,1
LF:24
LH:22
BRF:0
BRH:0
end_of_record
TN:
SF:src\components\ui\tabs.jsx
FN:8,(anonymous_0)
FN:19,(anonymous_1)
FN:30,(anonymous_2)
FNF:3
FNH:1
FNDA:0,(anonymous_0)
FNDA:0,(anonymous_1)
FNDA:9,(anonymous_2)
DA:6,1
DA:8,1
DA:9,0
DA:17,1
DA:19,1
DA:20,0
DA:28,1
DA:30,1
DA:31,9
DA:39,1
LF:10
LH:8
BRF:0
BRH:0
end_of_record
TN:
SF:src\http\api.js
FN:7,(anonymous_0)
FN:16,(anonymous_1)
FN:25,(anonymous_2)
FN:35,(anonymous_3)
FN:44,(anonymous_4)
FN:53,(anonymous_5)
FN:62,(anonymous_6)
FN:72,(anonymous_7)
FN:80,(anonymous_8)
FN:89,(anonymous_9)
FN:98,(anonymous_10)
FN:107,(anonymous_11)
FN:116,(anonymous_12)
FN:126,(anonymous_13)
FN:135,(anonymous_14)
FN:144,(anonymous_15)
FN:154,(anonymous_16)
FN:163,(anonymous_17)
FN:172,(anonymous_18)
FN:182,(anonymous_19)
FN:192,(anonymous_20)
FNF:21
FNH:0
FNDA:0,(anonymous_0)
FNDA:0,(anonymous_1)
FNDA:0,(anonymous_2)
FNDA:0,(anonymous_3)
FNDA:0,(anonymous_4)
FNDA:0,(anonymous_5)
FNDA:0,(anonymous_6)
FNDA:0,(anonymous_7)
FNDA:0,(anonymous_8)
FNDA:0,(anonymous_9)
FNDA:0,(anonymous_10)
FNDA:0,(anonymous_11)
FNDA:0,(anonymous_12)
FNDA:0,(anonymous_13)
FNDA:0,(anonymous_14)
FNDA:0,(anonymous_15)
FNDA:0,(anonymous_16)
FNDA:0,(anonymous_17)
FNDA:0,(anonymous_18)
FNDA:0,(anonymous_19)
FNDA:0,(anonymous_20)
DA:3,1
DA:7,1
DA:8,0
DA:9,0
DA:10,0
DA:12,0
DA:16,1
DA:17,0
DA:18,0
DA:19,0
DA:21,0
DA:25,1
DA:26,0
DA:27,0
DA:28,0
DA:30,0
DA:35,1
DA:36,0
DA:37,0
DA:38,0
DA:40,0
DA:44,1
DA:45,0
DA:46,0
DA:47,0
DA:49,0
DA:53,1
DA:54,0
DA:55,0
DA:56,0
DA:58,0
DA:62,1
DA:63,0
DA:64,0
DA:65,0
DA:67,0
DA:72,1
DA:73,0
DA:74,0
DA:75,0
DA:77,0
DA:80,1
DA:81,0
DA:82,0
DA:83,0
DA:85,0
DA:89,1
DA:90,0
DA:91,0
DA:92,0
DA:94,0
DA:98,1
DA:99,0
DA:100,0
DA:101,0
DA:103,0
DA:107,1
DA:108,0
DA:109,0
DA:110,0
DA:112,0
DA:116,1
DA:117,0
DA:118,0
DA:119,0
DA:121,0
DA:126,1
DA:127,0
DA:128,0
DA:129,0
DA:131,0
DA:135,1
DA:136,0
DA:137,0
DA:138,0
DA:140,0
DA:144,1
DA:145,0
DA:146,0
DA:147,0
DA:149,0
DA:154,1
DA:155,0
DA:156,0
DA:157,0
DA:159,0
DA:163,1
DA:164,0
DA:165,0
DA:166,0
DA:168,0
DA:172,1
DA:173,0
DA:174,0
DA:175,0
DA:177,0
DA:182,1
DA:183,0
DA:184,0
DA:185,0
DA:187,0
DA:192,1
DA:193,0
DA:194,0
DA:200,0
DA:202,0
DA:203,0
LF:107
LH:22
BRF:0
BRH:0
end_of_record
TN:
SF:src\lib\utils.js
FN:4,cn
FNF:1
FNH:1
FNDA:222,cn
DA:5,222
LF:1
LH:1
BRF:0
BRH:0
end_of_record
TN:
SF:src\pages\Appointments.jsx
FN:73,Appointments
FN:106,(anonymous_1)
FN:112,(anonymous_2)
FN:122,(anonymous_3)
FN:152,(anonymous_4)
FN:208,(anonymous_5)
FN:209,(anonymous_6)
FN:215,(anonymous_7)
FN:219,(anonymous_8)
FN:224,(anonymous_9)
FN:230,(anonymous_10)
FN:252,(anonymous_11)
FN:262,(anonymous_12)
FN:276,(anonymous_13)
FN:289,(anonymous_14)
FN:290,(anonymous_15)
FN:296,(anonymous_16)
FN:300,(anonymous_17)
FN:305,(anonymous_18)
FN:311,(anonymous_19)
FN:331,(anonymous_20)
FN:411,(anonymous_21)
FN:429,(anonymous_22)
FN:447,(anonymous_23)
FN:457,(anonymous_24)
FN:464,(anonymous_25)
FN:501,(anonymous_26)
FN:519,(anonymous_27)
FN:520,(anonymous_28)
FN:526,(anonymous_29)
FN:540,(anonymous_30)
FN:543,(anonymous_31)
FN:560,(anonymous_32)
FN:564,(anonymous_33)
FN:567,(anonymous_34)
FN:599,(anonymous_35)
FN:607,(anonymous_36)
FN:632,(anonymous_37)
FN:730,(anonymous_38)
FN:778,(anonymous_39)
FNF:40
FNH:20
FNDA:16,Appointments
FNDA:4,(anonymous_1)
FNDA:4,(anonymous_2)
FNDA:11,(anonymous_3)
FNDA:2,(anonymous_4)
FNDA:0,(anonymous_5)
FNDA:0,(anonymous_6)
FNDA:0,(anonymous_7)
FNDA:0,(anonymous_8)
FNDA:0,(anonymous_9)
FNDA:0,(anonymous_10)
FNDA:0,(anonymous_11)
FNDA:4,(anonymous_12)
FNDA:0,(anonymous_13)
FNDA:0,(anonymous_14)
FNDA:0,(anonymous_15)
FNDA:0,(anonymous_16)
FNDA:0,(anonymous_17)
FNDA:0,(anonymous_18)
FNDA:4,(anonymous_19)
FNDA:9,(anonymous_20)
FNDA:9,(anonymous_21)
FNDA:9,(anonymous_22)
FNDA:9,(anonymous_23)
FNDA:0,(anonymous_24)
FNDA:0,(anonymous_25)
FNDA:0,(anonymous_26)
FNDA:45,(anonymous_27)
FNDA:45,(anonymous_28)
FNDA:0,(anonymous_29)
FNDA:9,(anonymous_30)
FNDA:45,(anonymous_31)
FNDA:9,(anonymous_32)
FNDA:4,(anonymous_33)
FNDA:45,(anonymous_34)
FNDA:0,(anonymous_35)
FNDA:0,(anonymous_36)
FNDA:1,(anonymous_37)
FNDA:3,(anonymous_38)
FNDA:0,(anonymous_39)
DA:74,16
DA:75,15
DA:76,15
DA:77,15
DA:78,15
DA:79,15
DA:80,15
DA:81,15
DA:82,15
DA:84,15
DA:86,15
DA:88,15
DA:89,15
DA:90,15
DA:91,15
DA:92,15
DA:94,15
DA:95,15
DA:96,15
DA:97,15
DA:99,15
DA:101,15
DA:102,15
DA:103,15
DA:106,15
DA:107,4
DA:112,15
DA:113,4
DA:114,4
DA:115,0
DA:116,0
DA:117,0
DA:118,0
DA:122,15
DA:123,11
DA:124,11
DA:125,11
DA:126,11
DA:128,11
DA:130,2
DA:131,2
DA:134,2
DA:136,2
DA:138,2
DA:150,2
DA:152,2
DA:153,2
DA:160,15
DA:161,15
DA:171,15
DA:181,15
DA:191,15
DA:201,15
DA:207,15
DA:208,0
DA:210,0
DA:211,0
DA:215,0
DA:220,0
DA:224,0
DA:230,15
DA:231,0
DA:232,0
DA:240,0
DA:244,0
DA:245,0
DA:246,0
DA:247,0
DA:248,0
DA:252,0
DA:255,0
DA:256,0
DA:257,0
DA:262,15
DA:263,4
DA:264,4
DA:265,4
DA:266,4
DA:267,4
DA:268,4
DA:269,4
DA:270,4
DA:271,4
DA:272,4
DA:273,4
DA:276,15
DA:277,0
DA:279,0
DA:280,0
DA:283,0
DA:284,0
DA:288,15
DA:289,0
DA:291,0
DA:292,0
DA:296,0
DA:301,0
DA:305,0
DA:310,15
DA:311,4
DA:332,9
DA:333,9
DA:349,15
DA:368,15
DA:374,4
DA:377,11
DA:378,0
DA:381,11
DA:412,9
DA:430,9
DA:448,9
DA:457,0
DA:464,0
DA:502,0
DA:519,45
DA:521,45
DA:527,0
DA:541,9
DA:544,45
DA:561,9
DA:564,4
DA:568,45
DA:599,0
DA:607,0
DA:633,1
DA:634,1
DA:731,3
DA:732,3
DA:733,2
DA:734,2
DA:735,2
DA:737,0
DA:742,1
DA:778,0
LF:134
LH:92
BRDA:114,0,0,0
BRDA:114,0,1,4
BRDA:128,1,0,2
BRDA:128,1,1,9
BRDA:128,2,0,11
BRDA:128,2,1,2
BRDA:128,2,2,2
BRDA:231,3,0,0
BRDA:231,3,1,0
BRDA:231,4,0,0
BRDA:231,4,1,0
BRDA:231,4,2,0
BRDA:231,4,3,0
BRDA:231,4,4,0
BRDA:231,4,5,0
BRDA:256,5,0,0
BRDA:256,5,1,0
BRDA:279,6,0,0
BRDA:279,6,1,0
BRDA:335,7,0,9
BRDA:335,7,1,0
BRDA:340,8,0,9
BRDA:340,8,1,0
BRDA:350,9,0,15
BRDA:350,9,1,4
BRDA:368,10,0,4
BRDA:368,10,1,11
BRDA:369,11,0,15
BRDA:369,11,1,11
BRDA:369,11,2,11
BRDA:369,11,3,11
BRDA:377,12,0,0
BRDA:377,12,1,11
BRDA:377,13,0,11
BRDA:377,13,1,11
BRDA:377,13,2,11
BRDA:377,13,3,11
BRDA:378,14,0,0
BRDA:378,14,1,0
BRDA:383,15,0,9
BRDA:383,15,1,2
BRDA:546,16,0,0
BRDA:546,16,1,45
BRDA:559,17,0,9
BRDA:559,17,1,0
BRDA:563,18,0,9
BRDA:563,18,1,0
BRDA:651,19,0,7
BRDA:651,19,1,4
BRDA:718,20,0,7
BRDA:718,20,1,4
BRDA:723,21,0,7
BRDA:723,21,1,4
BRDA:727,22,0,11
BRDA:727,22,1,7
BRDA:727,22,2,7
BRDA:727,22,3,7
BRDA:733,23,0,2
BRDA:733,23,1,0
BRF:59
BRH:37
end_of_record
